2024-11-28 21:04:39,529 INFO o.a.j.u.JMeterUtils: Setting Locale to en_EN
2024-11-28 21:04:39,556 INFO o.a.j.JMeter: Loading user properties from: /opt/homebrew/Cellar/jmeter/5.6.3/libexec/bin/user.properties
2024-11-28 21:04:39,556 INFO o.a.j.JMeter: Loading system properties from: /opt/homebrew/Cellar/jmeter/5.6.3/libexec/bin/system.properties
2024-11-28 21:04:39,559 INFO o.a.j.JMeter: Copyright (c) 1998-2024 The Apache Software Foundation
2024-11-28 21:04:39,559 INFO o.a.j.JMeter: Version 5.6.3
2024-11-28 21:04:39,559 INFO o.a.j.JMeter: java.version=21.0.5
2024-11-28 21:04:39,559 INFO o.a.j.JMeter: java.vm.name=OpenJDK 64-Bit Server VM
2024-11-28 21:04:39,560 INFO o.a.j.JMeter: os.name=Mac OS X
2024-11-28 21:04:39,560 INFO o.a.j.JMeter: os.arch=aarch64
2024-11-28 21:04:39,560 INFO o.a.j.JMeter: os.version=14.4
2024-11-28 21:04:39,560 INFO o.a.j.JMeter: file.encoding=UTF-8
2024-11-28 21:04:39,560 INFO o.a.j.JMeter: java.awt.headless=null
2024-11-28 21:04:39,560 INFO o.a.j.JMeter: Max memory     =1073741824
2024-11-28 21:04:39,560 INFO o.a.j.JMeter: Available Processors =11
2024-11-28 21:04:39,566 INFO o.a.j.JMeter: Default Locale=English (EN)
2024-11-28 21:04:39,566 INFO o.a.j.JMeter: JMeter  Locale=English (EN)
2024-11-28 21:04:39,566 INFO o.a.j.JMeter: JMeterHome=/opt/homebrew/Cellar/jmeter/5.6.3/libexec
2024-11-28 21:04:39,566 INFO o.a.j.JMeter: user.dir  =/Users/ghrnwjd/Documents/traffic-test
2024-11-28 21:04:39,566 INFO o.a.j.JMeter: PWD       =/Users/ghrnwjd/Documents/traffic-test
2024-11-28 21:04:39,568 INFO o.a.j.JMeter: IP: 127.0.0.1 Name: MacBookPro.local FullName: localhost
2024-11-28 21:04:39,575 INFO o.a.j.JMeter: Loaded icon properties from org/apache/jmeter/images/icon.properties
2024-11-28 21:04:40,050 INFO o.a.j.JMeterGuiLauncher: Setting LAF to: com.github.weisj.darklaf.DarkLaf:com.github.weisj.darklaf.theme.DarculaTheme
2024-11-28 21:04:40,991 INFO o.a.j.r.ClassFinder: Will scan jar /opt/homebrew/Cellar/jmeter/5.6.3/libexec/lib/ext/jmeter-plugins-manager-1.9.jar with filter ExtendsClassFilter [parents=[interface org.apache.jmeter.gui.action.Command], inner=false, contains=null, notContains=null]. Consider exposing JMeter plugins via META-INF/services, and add JMeter-Skip-Class-Scanning=true manifest attribute so JMeter can skip classfile scanning
2024-11-28 21:04:41,041 INFO o.a.j.r.ClassFinder: Will scan jar /opt/homebrew/Cellar/jmeter/5.6.3/libexec/lib/ext/jmeter-plugins-manager-1.9.jar with filter ExtendsClassFilter [parents=[interface org.apache.jmeter.gui.plugin.MenuCreator], inner=false, contains=null, notContains=null]. Consider exposing JMeter plugins via META-INF/services, and add JMeter-Skip-Class-Scanning=true manifest attribute so JMeter can skip classfile scanning
2024-11-28 21:04:41,102 INFO o.j.r.JARSourceHTTP: Requesting https://jmeter-plugins.org/repo/?installID=mac_os_x-94b52eb3486545ec3b0749fd6e960a57-gui
2024-11-28 21:04:42,888 INFO o.j.r.PluginManager: Plugins Status: [jpgc-plugins-manager=1.9, jmeter-core=5.6.3, jmeter-ftp=5.6.3, jmeter-http=5.6.3, jmeter-jdbc=5.6.3, jmeter-jms=5.6.3, jmeter-junit=5.6.3, jmeter-java=5.6.3, jmeter-ldap=5.6.3, jmeter-mail=5.6.3, jmeter-mongodb=5.6.3, jmeter-native=5.6.3, jmeter-tcp=5.6.3, jmeter-components=5.6.3]
2024-11-28 21:04:42,889 INFO o.j.r.PluginManagerMenuItem: Plugins Manager has upgrades: [jpgc-plugins-manager]
2024-11-28 21:06:41,768 INFO o.a.j.p.h.s.HTTPSamplerBase: Parser for text/html is org.apache.jmeter.protocol.http.parser.LagartoBasedHtmlParser
2024-11-28 21:06:41,768 INFO o.a.j.p.h.s.HTTPSamplerBase: Parser for application/xhtml+xml is org.apache.jmeter.protocol.http.parser.LagartoBasedHtmlParser
2024-11-28 21:06:41,768 INFO o.a.j.p.h.s.HTTPSamplerBase: Parser for application/xml is org.apache.jmeter.protocol.http.parser.LagartoBasedHtmlParser
2024-11-28 21:06:41,768 INFO o.a.j.p.h.s.HTTPSamplerBase: Parser for text/xml is org.apache.jmeter.protocol.http.parser.LagartoBasedHtmlParser
2024-11-28 21:06:41,768 INFO o.a.j.p.h.s.HTTPSamplerBase: Parser for text/vnd.wap.wml is org.apache.jmeter.protocol.http.parser.RegexpHTMLParser
2024-11-28 21:06:41,768 INFO o.a.j.p.h.s.HTTPSamplerBase: Parser for text/css is org.apache.jmeter.protocol.http.parser.CssParser
2024-11-28 21:06:57,696 INFO o.a.j.s.SampleResult: Note: Sample TimeStamps are START times
2024-11-28 21:06:57,696 INFO o.a.j.s.SampleResult: sampleresult.default.encoding is set to UTF-8
2024-11-28 21:06:57,696 INFO o.a.j.s.SampleResult: sampleresult.useNanoTime=true
2024-11-28 21:06:57,696 INFO o.a.j.s.SampleResult: sampleresult.nanoThreadSleep=5000
2024-11-28 21:06:57,744 INFO o.a.j.r.ClassFinder: Will scan jar /opt/homebrew/Cellar/jmeter/5.6.3/libexec/lib/ext/jmeter-plugins-manager-1.9.jar with filter ExtendsClassFilter [parents=[interface org.apache.jmeter.visualizers.ResultRenderer], inner=false, contains=null, notContains=null]. Consider exposing JMeter plugins via META-INF/services, and add JMeter-Skip-Class-Scanning=true manifest attribute so JMeter can skip classfile scanning
2024-11-28 21:06:57,753 INFO o.a.j.r.ClassFinder: Will scan jar /opt/homebrew/Cellar/jmeter/5.6.3/libexec/lib/ext/jmeter-plugins-manager-1.9.jar with filter ExtendsClassFilter [parents=[interface org.apache.jmeter.visualizers.RequestView], inner=false, contains=null, notContains=null]. Consider exposing JMeter plugins via META-INF/services, and add JMeter-Skip-Class-Scanning=true manifest attribute so JMeter can skip classfile scanning
2024-11-28 21:07:03,748 INFO o.a.j.s.FileServer: Default base='/Users/ghrnwjd/Documents/traffic-test'
2024-11-28 21:07:03,749 INFO o.a.j.s.FileServer: Set new base='/Users/ghrnwjd/Documents/traffic-test'
2024-11-28 21:07:03,867 INFO o.a.j.s.SaveService: Testplan (JMX) version: 2.2. Testlog (JTL) version: 2.2
2024-11-28 21:07:03,871 INFO o.a.j.s.SaveService: Using SaveService properties version 5.0
2024-11-28 21:07:03,872 INFO o.a.j.s.SaveService: Using SaveService properties file encoding UTF-8
2024-11-28 21:07:03,882 INFO o.a.j.e.StandardJMeterEngine: Running the test!
2024-11-28 21:07:03,882 INFO o.a.j.s.SampleEvent: List of sample_variables: []
2024-11-28 21:07:03,882 INFO o.a.j.s.SampleEvent: List of sample_variables: []
2024-11-28 21:07:03,883 INFO o.a.j.e.u.CompoundVariable: Note: Function class names must contain the string: '.functions.'
2024-11-28 21:07:03,883 INFO o.a.j.e.u.CompoundVariable: Note: Function class names must not contain the string: '.gui.'
2024-11-28 21:07:03,902 INFO o.a.j.r.ClassFinder: Will scan jar /opt/homebrew/Cellar/jmeter/5.6.3/libexec/lib/ext/jmeter-plugins-manager-1.9.jar with filter ExtendsClassFilter [parents=[interface org.apache.jmeter.functions.Function], inner=false, contains=null, notContains=null]. Consider exposing JMeter plugins via META-INF/services, and add JMeter-Skip-Class-Scanning=true manifest attribute so JMeter can skip classfile scanning
2024-11-28 21:07:03,905 INFO o.a.j.g.u.JMeterMenuBar: setRunning(true, *local*)
2024-11-28 21:07:03,920 INFO o.a.j.e.StandardJMeterEngine: Starting ThreadGroup: 1 : Thread Group
2024-11-28 21:07:03,921 INFO o.a.j.e.StandardJMeterEngine: Starting 10 threads for group Thread Group.
2024-11-28 21:07:03,921 INFO o.a.j.e.StandardJMeterEngine: Thread will continue on error
2024-11-28 21:07:03,921 INFO o.a.j.t.ThreadGroup: Starting thread group... number=1 threads=10 ramp-up=1 delayedStart=false
2024-11-28 21:07:03,922 INFO o.a.j.t.JMeterThread: Thread started: Thread Group 1-1
2024-11-28 21:07:03,923 INFO o.a.j.t.ThreadGroup: Started thread group number 1
2024-11-28 21:07:03,923 INFO o.a.j.e.StandardJMeterEngine: All thread groups have been started
2024-11-28 21:07:03,926 INFO o.a.j.p.h.s.HTTPHCAbstractImpl: Local host = MacBookPro.local
2024-11-28 21:07:03,928 INFO o.a.j.p.h.s.HTTPHC4Impl: HTTP request retry count = 0
2024-11-28 21:07:04,026 INFO o.a.j.t.JMeterThread: Thread is done: Thread Group 1-1
2024-11-28 21:07:04,026 INFO o.a.j.t.JMeterThread: Thread started: Thread Group 1-2
2024-11-28 21:07:04,026 INFO o.a.j.t.JMeterThread: Thread finished: Thread Group 1-1
2024-11-28 21:07:04,033 INFO o.a.j.t.JMeterThread: Thread is done: Thread Group 1-2
2024-11-28 21:07:04,033 INFO o.a.j.t.JMeterThread: Thread finished: Thread Group 1-2
2024-11-28 21:07:04,126 INFO o.a.j.t.JMeterThread: Thread started: Thread Group 1-3
2024-11-28 21:07:04,134 INFO o.a.j.t.JMeterThread: Thread is done: Thread Group 1-3
2024-11-28 21:07:04,134 INFO o.a.j.t.JMeterThread: Thread finished: Thread Group 1-3
2024-11-28 21:07:04,226 INFO o.a.j.t.JMeterThread: Thread started: Thread Group 1-4
2024-11-28 21:07:04,235 INFO o.a.j.t.JMeterThread: Thread is done: Thread Group 1-4
2024-11-28 21:07:04,235 INFO o.a.j.t.JMeterThread: Thread finished: Thread Group 1-4
2024-11-28 21:07:04,326 INFO o.a.j.t.JMeterThread: Thread started: Thread Group 1-5
2024-11-28 21:07:04,344 INFO o.a.j.t.JMeterThread: Thread is done: Thread Group 1-5
2024-11-28 21:07:04,344 INFO o.a.j.t.JMeterThread: Thread finished: Thread Group 1-5
2024-11-28 21:07:04,426 INFO o.a.j.t.JMeterThread: Thread started: Thread Group 1-6
2024-11-28 21:07:04,445 INFO o.a.j.t.JMeterThread: Thread is done: Thread Group 1-6
2024-11-28 21:07:04,446 INFO o.a.j.t.JMeterThread: Thread finished: Thread Group 1-6
2024-11-28 21:07:04,527 INFO o.a.j.t.JMeterThread: Thread started: Thread Group 1-7
2024-11-28 21:07:04,546 INFO o.a.j.t.JMeterThread: Thread is done: Thread Group 1-7
2024-11-28 21:07:04,546 INFO o.a.j.t.JMeterThread: Thread finished: Thread Group 1-7
2024-11-28 21:07:04,625 INFO o.a.j.t.JMeterThread: Thread started: Thread Group 1-8
2024-11-28 21:07:04,647 INFO o.a.j.t.JMeterThread: Thread is done: Thread Group 1-8
2024-11-28 21:07:04,647 INFO o.a.j.t.JMeterThread: Thread finished: Thread Group 1-8
2024-11-28 21:07:04,725 INFO o.a.j.t.JMeterThread: Thread started: Thread Group 1-9
2024-11-28 21:07:04,747 INFO o.a.j.t.JMeterThread: Thread is done: Thread Group 1-9
2024-11-28 21:07:04,747 INFO o.a.j.t.JMeterThread: Thread finished: Thread Group 1-9
2024-11-28 21:07:04,824 INFO o.a.j.t.JMeterThread: Thread started: Thread Group 1-10
2024-11-28 21:07:04,849 INFO o.a.j.t.JMeterThread: Thread is done: Thread Group 1-10
2024-11-28 21:07:04,850 INFO o.a.j.t.JMeterThread: Thread finished: Thread Group 1-10
2024-11-28 21:07:04,850 INFO o.a.j.e.StandardJMeterEngine: Notifying test listeners of end of test
2024-11-28 21:07:04,850 INFO o.a.j.g.u.JMeterMenuBar: setRunning(false, *local*)
2024-11-28 21:08:03,148 INFO o.a.j.e.StandardJMeterEngine: Running the test!
2024-11-28 21:08:03,149 INFO o.a.j.s.SampleEvent: List of sample_variables: []
2024-11-28 21:08:03,150 INFO o.a.j.g.u.JMeterMenuBar: setRunning(true, *local*)
2024-11-28 21:08:03,177 INFO o.a.j.e.StandardJMeterEngine: Starting ThreadGroup: 1 : Thread Group
2024-11-28 21:08:03,178 INFO o.a.j.e.StandardJMeterEngine: Starting 10 threads for group Thread Group.
2024-11-28 21:08:03,178 INFO o.a.j.e.StandardJMeterEngine: Thread will continue on error
2024-11-28 21:08:03,178 INFO o.a.j.t.ThreadGroup: Starting thread group... number=1 threads=10 ramp-up=1 delayedStart=false
2024-11-28 21:08:03,179 INFO o.a.j.t.JMeterThread: Thread started: Thread Group 1-1
2024-11-28 21:08:03,180 INFO o.a.j.t.ThreadGroup: Started thread group number 1
2024-11-28 21:08:03,180 INFO o.a.j.e.StandardJMeterEngine: All thread groups have been started
2024-11-28 21:08:03,204 INFO o.a.j.t.JMeterThread: Thread is done: Thread Group 1-1
2024-11-28 21:08:03,204 INFO o.a.j.t.JMeterThread: Thread finished: Thread Group 1-1
2024-11-28 21:08:03,283 INFO o.a.j.t.JMeterThread: Thread started: Thread Group 1-2
2024-11-28 21:08:03,293 INFO o.a.j.t.JMeterThread: Thread is done: Thread Group 1-2
2024-11-28 21:08:03,293 INFO o.a.j.t.JMeterThread: Thread finished: Thread Group 1-2
2024-11-28 21:08:03,383 INFO o.a.j.t.JMeterThread: Thread started: Thread Group 1-3
2024-11-28 21:08:03,405 INFO o.a.j.t.JMeterThread: Thread is done: Thread Group 1-3
2024-11-28 21:08:03,405 INFO o.a.j.t.JMeterThread: Thread finished: Thread Group 1-3
2024-11-28 21:08:03,483 INFO o.a.j.t.JMeterThread: Thread started: Thread Group 1-4
2024-11-28 21:08:03,519 INFO o.a.j.t.JMeterThread: Thread is done: Thread Group 1-4
2024-11-28 21:08:03,519 INFO o.a.j.t.JMeterThread: Thread finished: Thread Group 1-4
2024-11-28 21:08:03,582 INFO o.a.j.t.JMeterThread: Thread started: Thread Group 1-5
2024-11-28 21:08:03,602 INFO o.a.j.t.JMeterThread: Thread is done: Thread Group 1-5
2024-11-28 21:08:03,602 INFO o.a.j.t.JMeterThread: Thread finished: Thread Group 1-5
2024-11-28 21:08:03,683 INFO o.a.j.t.JMeterThread: Thread started: Thread Group 1-6
2024-11-28 21:08:03,703 INFO o.a.j.t.JMeterThread: Thread is done: Thread Group 1-6
2024-11-28 21:08:03,703 INFO o.a.j.t.JMeterThread: Thread finished: Thread Group 1-6
2024-11-28 21:08:03,783 INFO o.a.j.t.JMeterThread: Thread started: Thread Group 1-7
2024-11-28 21:08:03,798 INFO o.a.j.t.JMeterThread: Thread is done: Thread Group 1-7
2024-11-28 21:08:03,798 INFO o.a.j.t.JMeterThread: Thread finished: Thread Group 1-7
2024-11-28 21:08:03,883 INFO o.a.j.t.JMeterThread: Thread started: Thread Group 1-8
2024-11-28 21:08:03,904 INFO o.a.j.t.JMeterThread: Thread is done: Thread Group 1-8
2024-11-28 21:08:03,904 INFO o.a.j.t.JMeterThread: Thread finished: Thread Group 1-8
2024-11-28 21:08:03,983 INFO o.a.j.t.JMeterThread: Thread started: Thread Group 1-9
2024-11-28 21:08:04,007 INFO o.a.j.t.JMeterThread: Thread is done: Thread Group 1-9
2024-11-28 21:08:04,007 INFO o.a.j.t.JMeterThread: Thread finished: Thread Group 1-9
2024-11-28 21:08:04,084 INFO o.a.j.t.JMeterThread: Thread started: Thread Group 1-10
2024-11-28 21:08:04,128 INFO o.a.j.t.JMeterThread: Thread is done: Thread Group 1-10
2024-11-28 21:08:04,128 INFO o.a.j.t.JMeterThread: Thread finished: Thread Group 1-10
2024-11-28 21:08:04,129 INFO o.a.j.e.StandardJMeterEngine: Notifying test listeners of end of test
2024-11-28 21:08:04,129 INFO o.a.j.g.u.JMeterMenuBar: setRunning(false, *local*)
2024-11-28 21:11:43,007 INFO o.a.j.e.StandardJMeterEngine: Running the test!
2024-11-28 21:11:43,008 INFO o.a.j.s.SampleEvent: List of sample_variables: []
2024-11-28 21:11:43,009 INFO o.a.j.g.u.JMeterMenuBar: setRunning(true, *local*)
2024-11-28 21:11:43,034 INFO o.a.j.e.StandardJMeterEngine: Starting ThreadGroup: 1 : Thread Group
2024-11-28 21:11:43,034 INFO o.a.j.e.StandardJMeterEngine: Starting 10 threads for group Thread Group.
2024-11-28 21:11:43,034 INFO o.a.j.e.StandardJMeterEngine: Thread will continue on error
2024-11-28 21:11:43,034 INFO o.a.j.t.ThreadGroup: Starting thread group... number=1 threads=10 ramp-up=1 delayedStart=false
2024-11-28 21:11:43,035 INFO o.a.j.t.JMeterThread: Thread started: Thread Group 1-1
2024-11-28 21:11:43,036 INFO o.a.j.t.ThreadGroup: Started thread group number 1
2024-11-28 21:11:43,036 INFO o.a.j.e.StandardJMeterEngine: All thread groups have been started
2024-11-28 21:11:43,132 INFO o.a.j.t.JMeterThread: Thread is done: Thread Group 1-1
2024-11-28 21:11:43,132 INFO o.a.j.t.JMeterThread: Thread finished: Thread Group 1-1
2024-11-28 21:11:43,139 INFO o.a.j.t.JMeterThread: Thread started: Thread Group 1-2
2024-11-28 21:11:43,147 INFO o.a.j.t.JMeterThread: Thread is done: Thread Group 1-2
2024-11-28 21:11:43,147 INFO o.a.j.t.JMeterThread: Thread finished: Thread Group 1-2
2024-11-28 21:11:43,239 INFO o.a.j.t.JMeterThread: Thread started: Thread Group 1-3
2024-11-28 21:11:43,248 INFO o.a.j.t.JMeterThread: Thread is done: Thread Group 1-3
2024-11-28 21:11:43,248 INFO o.a.j.t.JMeterThread: Thread finished: Thread Group 1-3
2024-11-28 21:11:43,339 INFO o.a.j.t.JMeterThread: Thread started: Thread Group 1-4
2024-11-28 21:11:43,351 INFO o.a.j.t.JMeterThread: Thread is done: Thread Group 1-4
2024-11-28 21:11:43,351 INFO o.a.j.t.JMeterThread: Thread finished: Thread Group 1-4
2024-11-28 21:11:43,434 INFO o.a.j.t.JMeterThread: Thread started: Thread Group 1-5
2024-11-28 21:11:43,442 INFO o.a.j.t.JMeterThread: Thread is done: Thread Group 1-5
2024-11-28 21:11:43,442 INFO o.a.j.t.JMeterThread: Thread finished: Thread Group 1-5
2024-11-28 21:11:43,540 INFO o.a.j.t.JMeterThread: Thread started: Thread Group 1-6
2024-11-28 21:11:43,557 INFO o.a.j.t.JMeterThread: Thread is done: Thread Group 1-6
2024-11-28 21:11:43,557 INFO o.a.j.t.JMeterThread: Thread finished: Thread Group 1-6
2024-11-28 21:11:43,637 INFO o.a.j.t.JMeterThread: Thread started: Thread Group 1-7
2024-11-28 21:11:43,652 INFO o.a.j.t.JMeterThread: Thread is done: Thread Group 1-7
2024-11-28 21:11:43,652 INFO o.a.j.t.JMeterThread: Thread finished: Thread Group 1-7
2024-11-28 21:11:43,736 INFO o.a.j.t.JMeterThread: Thread started: Thread Group 1-8
2024-11-28 21:11:43,765 INFO o.a.j.t.JMeterThread: Thread is done: Thread Group 1-8
2024-11-28 21:11:43,765 INFO o.a.j.t.JMeterThread: Thread finished: Thread Group 1-8
2024-11-28 21:11:43,837 INFO o.a.j.t.JMeterThread: Thread started: Thread Group 1-9
2024-11-28 21:11:43,851 INFO o.a.j.t.JMeterThread: Thread is done: Thread Group 1-9
2024-11-28 21:11:43,851 INFO o.a.j.t.JMeterThread: Thread finished: Thread Group 1-9
2024-11-28 21:11:43,939 INFO o.a.j.t.JMeterThread: Thread started: Thread Group 1-10
2024-11-28 21:11:43,958 INFO o.a.j.t.JMeterThread: Thread is done: Thread Group 1-10
2024-11-28 21:11:43,958 INFO o.a.j.t.JMeterThread: Thread finished: Thread Group 1-10
2024-11-28 21:11:43,959 INFO o.a.j.e.StandardJMeterEngine: Notifying test listeners of end of test
2024-11-28 21:11:43,959 INFO o.a.j.g.u.JMeterMenuBar: setRunning(false, *local*)
2024-11-28 21:19:27,431 INFO o.a.j.e.StandardJMeterEngine: Running the test!
2024-11-28 21:19:27,432 INFO o.a.j.s.SampleEvent: List of sample_variables: []
2024-11-28 21:19:27,432 INFO o.a.j.g.u.JMeterMenuBar: setRunning(true, *local*)
2024-11-28 21:19:27,453 INFO o.a.j.e.StandardJMeterEngine: Starting ThreadGroup: 1 : Thread Group
2024-11-28 21:19:27,454 INFO o.a.j.e.StandardJMeterEngine: Starting 10 threads for group Thread Group.
2024-11-28 21:19:27,454 INFO o.a.j.e.StandardJMeterEngine: Thread will continue on error
2024-11-28 21:19:27,454 INFO o.a.j.t.ThreadGroup: Starting thread group... number=1 threads=10 ramp-up=1 delayedStart=false
2024-11-28 21:19:27,455 INFO o.a.j.t.JMeterThread: Thread started: Thread Group 1-1
2024-11-28 21:19:27,456 INFO o.a.j.t.ThreadGroup: Started thread group number 1
2024-11-28 21:19:27,456 INFO o.a.j.e.StandardJMeterEngine: All thread groups have been started
2024-11-28 21:19:27,548 INFO o.a.j.t.JMeterThread: Thread is done: Thread Group 1-1
2024-11-28 21:19:27,548 INFO o.a.j.t.JMeterThread: Thread finished: Thread Group 1-1
2024-11-28 21:19:27,559 INFO o.a.j.t.JMeterThread: Thread started: Thread Group 1-2
2024-11-28 21:19:27,568 INFO o.a.j.t.JMeterThread: Thread is done: Thread Group 1-2
2024-11-28 21:19:27,568 INFO o.a.j.t.JMeterThread: Thread finished: Thread Group 1-2
2024-11-28 21:19:27,659 INFO o.a.j.t.JMeterThread: Thread started: Thread Group 1-3
2024-11-28 21:19:27,667 INFO o.a.j.t.JMeterThread: Thread is done: Thread Group 1-3
2024-11-28 21:19:27,667 INFO o.a.j.t.JMeterThread: Thread finished: Thread Group 1-3
2024-11-28 21:19:27,759 INFO o.a.j.t.JMeterThread: Thread started: Thread Group 1-4
2024-11-28 21:19:27,770 INFO o.a.j.t.JMeterThread: Thread is done: Thread Group 1-4
2024-11-28 21:19:27,770 INFO o.a.j.t.JMeterThread: Thread finished: Thread Group 1-4
2024-11-28 21:19:27,859 INFO o.a.j.t.JMeterThread: Thread started: Thread Group 1-5
2024-11-28 21:19:27,869 INFO o.a.j.t.JMeterThread: Thread is done: Thread Group 1-5
2024-11-28 21:19:27,870 INFO o.a.j.t.JMeterThread: Thread finished: Thread Group 1-5
2024-11-28 21:19:27,959 INFO o.a.j.t.JMeterThread: Thread started: Thread Group 1-6
2024-11-28 21:19:27,972 INFO o.a.j.t.JMeterThread: Thread is done: Thread Group 1-6
2024-11-28 21:19:27,973 INFO o.a.j.t.JMeterThread: Thread finished: Thread Group 1-6
2024-11-28 21:19:28,059 INFO o.a.j.t.JMeterThread: Thread started: Thread Group 1-7
2024-11-28 21:19:28,072 INFO o.a.j.t.JMeterThread: Thread is done: Thread Group 1-7
2024-11-28 21:19:28,072 INFO o.a.j.t.JMeterThread: Thread finished: Thread Group 1-7
2024-11-28 21:19:28,160 INFO o.a.j.t.JMeterThread: Thread started: Thread Group 1-8
2024-11-28 21:19:28,181 INFO o.a.j.t.JMeterThread: Thread is done: Thread Group 1-8
2024-11-28 21:19:28,181 INFO o.a.j.t.JMeterThread: Thread finished: Thread Group 1-8
2024-11-28 21:19:28,260 INFO o.a.j.t.JMeterThread: Thread started: Thread Group 1-9
2024-11-28 21:19:28,276 INFO o.a.j.t.JMeterThread: Thread is done: Thread Group 1-9
2024-11-28 21:19:28,277 INFO o.a.j.t.JMeterThread: Thread finished: Thread Group 1-9
2024-11-28 21:19:28,360 INFO o.a.j.t.JMeterThread: Thread started: Thread Group 1-10
2024-11-28 21:19:28,381 INFO o.a.j.t.JMeterThread: Thread is done: Thread Group 1-10
2024-11-28 21:19:28,381 INFO o.a.j.t.JMeterThread: Thread finished: Thread Group 1-10
2024-11-28 21:19:28,381 INFO o.a.j.e.StandardJMeterEngine: Notifying test listeners of end of test
2024-11-28 21:19:28,381 INFO o.a.j.g.u.JMeterMenuBar: setRunning(false, *local*)
2024-11-28 21:20:26,698 INFO o.a.j.e.StandardJMeterEngine: Running the test!
2024-11-28 21:20:26,699 INFO o.a.j.s.SampleEvent: List of sample_variables: []
2024-11-28 21:20:26,699 INFO o.a.j.g.u.JMeterMenuBar: setRunning(true, *local*)
2024-11-28 21:20:26,713 INFO o.a.j.e.StandardJMeterEngine: Starting ThreadGroup: 1 : Thread Group
2024-11-28 21:20:26,714 INFO o.a.j.e.StandardJMeterEngine: Starting 10 threads for group Thread Group.
2024-11-28 21:20:26,714 INFO o.a.j.e.StandardJMeterEngine: Thread will continue on error
2024-11-28 21:20:26,714 INFO o.a.j.t.ThreadGroup: Starting thread group... number=1 threads=10 ramp-up=1 delayedStart=false
2024-11-28 21:20:26,714 INFO o.a.j.t.JMeterThread: Thread started: Thread Group 1-1
2024-11-28 21:20:26,714 INFO o.a.j.t.ThreadGroup: Started thread group number 1
2024-11-28 21:20:26,715 INFO o.a.j.e.StandardJMeterEngine: All thread groups have been started
2024-11-28 21:20:26,783 INFO o.a.j.t.JMeterThread: Thread is done: Thread Group 1-1
2024-11-28 21:20:26,783 INFO o.a.j.t.JMeterThread: Thread finished: Thread Group 1-1
2024-11-28 21:20:26,815 INFO o.a.j.t.JMeterThread: Thread started: Thread Group 1-2
2024-11-28 21:20:26,824 INFO o.a.j.t.JMeterThread: Thread is done: Thread Group 1-2
2024-11-28 21:20:26,824 INFO o.a.j.t.JMeterThread: Thread finished: Thread Group 1-2
2024-11-28 21:20:26,918 INFO o.a.j.t.JMeterThread: Thread started: Thread Group 1-3
2024-11-28 21:20:26,926 INFO o.a.j.t.JMeterThread: Thread is done: Thread Group 1-3
2024-11-28 21:20:26,926 INFO o.a.j.t.JMeterThread: Thread finished: Thread Group 1-3
2024-11-28 21:20:27,018 INFO o.a.j.t.JMeterThread: Thread started: Thread Group 1-4
2024-11-28 21:20:27,032 INFO o.a.j.t.JMeterThread: Thread is done: Thread Group 1-4
2024-11-28 21:20:27,032 INFO o.a.j.t.JMeterThread: Thread finished: Thread Group 1-4
2024-11-28 21:20:27,118 INFO o.a.j.t.JMeterThread: Thread started: Thread Group 1-5
2024-11-28 21:20:27,132 INFO o.a.j.t.JMeterThread: Thread is done: Thread Group 1-5
2024-11-28 21:20:27,132 INFO o.a.j.t.JMeterThread: Thread finished: Thread Group 1-5
2024-11-28 21:20:27,220 INFO o.a.j.t.JMeterThread: Thread started: Thread Group 1-6
2024-11-28 21:20:27,259 INFO o.a.j.t.JMeterThread: Thread is done: Thread Group 1-6
2024-11-28 21:20:27,259 INFO o.a.j.t.JMeterThread: Thread finished: Thread Group 1-6
2024-11-28 21:20:27,319 INFO o.a.j.t.JMeterThread: Thread started: Thread Group 1-7
2024-11-28 21:20:27,331 INFO o.a.j.t.JMeterThread: Thread is done: Thread Group 1-7
2024-11-28 21:20:27,331 INFO o.a.j.t.JMeterThread: Thread finished: Thread Group 1-7
2024-11-28 21:20:27,416 INFO o.a.j.t.JMeterThread: Thread started: Thread Group 1-8
2024-11-28 21:20:27,424 INFO o.a.j.t.JMeterThread: Thread is done: Thread Group 1-8
2024-11-28 21:20:27,424 INFO o.a.j.t.JMeterThread: Thread finished: Thread Group 1-8
2024-11-28 21:20:27,518 INFO o.a.j.t.JMeterThread: Thread started: Thread Group 1-9
2024-11-28 21:20:27,530 INFO o.a.j.t.JMeterThread: Thread is done: Thread Group 1-9
2024-11-28 21:20:27,530 INFO o.a.j.t.JMeterThread: Thread finished: Thread Group 1-9
2024-11-28 21:20:27,620 INFO o.a.j.t.JMeterThread: Thread started: Thread Group 1-10
2024-11-28 21:20:27,630 INFO o.a.j.t.JMeterThread: Thread is done: Thread Group 1-10
2024-11-28 21:20:27,631 INFO o.a.j.t.JMeterThread: Thread finished: Thread Group 1-10
2024-11-28 21:20:27,631 INFO o.a.j.e.StandardJMeterEngine: Notifying test listeners of end of test
2024-11-28 21:20:27,631 INFO o.a.j.g.u.JMeterMenuBar: setRunning(false, *local*)
